<?xml version="1.0" encoding="UTF-8"?>
<!-- Generated by org.testng.reporters.JUnitXMLReporter -->
<testsuite hostname="DESKTOP-HTDTJ7L" failures="0" tests="4" name="Test" time="0.074" errors="0" timestamp="18 Jul 2022 10:37:51 GMT">
  <testcase classname="ngtest.PracticeTest" name="animalTest" time="0.021"/>
  <testcase classname="ngtest.PracticeTest" name="monkeyTest" time="0.002"/>
  <testcase classname="ngtest.Practice2Test" name="DaughterTest" time="0.003"/>
  <testcase classname="ngtest.Practice2Test" name="MotherTest" time="0.002"/>
</testsuite> <!-- Test -->
