<?xml version="1.0" encoding="UTF-8"?>
<testng-results total="2" passed="2" failed="0" skipped="0">
  <reporter-output>
  </reporter-output>
  <suite started-at="2022-07-18T10:44:34Z" name="Default suite" finished-at="2022-07-18T10:44:34Z" duration-ms="58">
    <groups>
    </groups>
    <test started-at="2022-07-18T10:44:34Z" name="Default test" finished-at="2022-07-18T10:44:34Z" duration-ms="58">
      <class name="ngtest.Practice2Test">
        <test-method signature="DaughterTest()[pri:0, instance:ngtest.Practice2Test@1efe439d]" started-at="2022-07-18T16:14:34Z" name="DaughterTest" finished-at="2022-07-18T16:14:34Z" duration-ms="20" status="PASS">
          <reporter-output>
          </reporter-output>
        </test-method> <!-- DaughterTest -->
        <test-method signature="MotherTest()[pri:0, instance:ngtest.Practice2Test@1efe439d]" started-at="2022-07-18T16:14:34Z" name="MotherTest" finished-at="2022-07-18T16:14:34Z" duration-ms="2" status="PASS">
          <reporter-output>
          </reporter-output>
        </test-method> <!-- MotherTest -->
      </class> <!-- ngtest.Practice2Test -->
    </test> <!-- Default test -->
  </suite> <!-- Default suite -->
</testng-results>
